============= WARNING FROM mysql2 =============
The options :user, :pass, :hostname, :dbname, :db, and :sock will be deprecated at some point in the future.
Instead, please use :username, :password, :host, :port, :database, :socket, :flags for the options.
============= END WARNING FROM mysql2 =========
[2014-01-10 16:24:21] INFO  WEBrick 1.3.1
[2014-01-10 16:24:21] INFO  ruby 1.9.3 (2012-04-20) [x86_64-linux]
[2014-01-10 16:24:21] INFO  WEBrick::HTTPServer#start: pid=21519 port=80
============= WARNING FROM mysql2 =============
The options :user, :pass, :hostname, :dbname, :db, and :sock will be deprecated at some point in the future.
Instead, please use :username, :password, :host, :port, :database, :socket, :flags for the options.
============= END WARNING FROM mysql2 =========
[deprecated] I18n.enforce_available_locales will default to true in the future. If you really want to skip validation of your locale you can set I18n.enforce_available_locales = false to avoid this message.
=> Booting WEBrick
=> Rails 3.2.13 application starting in development on http://0.0.0.0:80
=> Call with -d to detach
=> Ctrl-C to shutdown server


Started GET "/" for 171.76.205.4 at 2014-01-10 16:26:08 +0000
Processing by GroundsController#list as HTML
  [1m[36mGround Load (0.1ms)[0m  [1mSELECT `grounds`.* FROM `grounds` [0m
  Rendered grounds/list.erb within layouts/application (3.7ms)
Completed 200 OK in 130ms (Views: 79.6ms | ActiveRecord: 1.9ms)


Started GET "/assets/application.css?body=1" for 171.76.205.4 at 2014-01-10 16:26:09 +0000
Served asset /application.css - 200 OK (4ms)


Started GET "/assets/book.css?body=1" for 171.76.205.4 at 2014-01-10 16:26:10 +0000
Served asset /book.css - 200 OK (1ms)


Started GET "/assets/ground.css?body=1" for 171.76.205.4 at 2014-01-10 16:26:10 +0000
Served asset /ground.css - 200 OK (1ms)


Started GET "/assets/users.css?body=1" for 171.76.205.4 at 2014-01-10 16:26:10 +0000
Served asset /users.css - 200 OK (2ms)


Started GET "/assets/jquery.js?body=1" for 171.76.205.4 at 2014-01-10 16:26:10 +0000
Served asset /jquery.js - 200 OK (3ms)


Started GET "/assets/jquery_ujs.js?body=1" for 171.76.205.4 at 2014-01-10 16:26:10 +0000
Served asset /jquery_ujs.js - 200 OK (2ms)


Started GET "/assets/book.js?body=1" for 171.76.205.4 at 2014-01-10 16:26:10 +0000
Served asset /book.js - 200 OK (1ms)


Started GET "/assets/ground.js?body=1" for 171.76.205.4 at 2014-01-10 16:26:10 +0000
Served asset /ground.js - 200 OK (1ms)


Started GET "/assets/users.js?body=1" for 171.76.205.4 at 2014-01-10 16:26:10 +0000
Served asset /users.js - 200 OK (2ms)


Started GET "/assets/application.js?body=1" for 171.76.205.4 at 2014-01-10 16:26:10 +0000
Served asset /application.js - 200 OK (7ms)


Started GET "/apple-touch-icon-precomposed.png" for 171.76.205.4 at 2014-01-10 16:26:15 +0000

ActionController::RoutingError (No route matches [GET] "/apple-touch-icon-precomposed.png"):
  /usr/lib/ruby/vendor_ruby/action_dispatch/middleware/debug_exceptions.rb:21:in `call'
  /usr/lib/ruby/vendor_ruby/action_dispatch/middleware/show_exceptions.rb:56:in `call'
  /usr/lib/ruby/vendor_ruby/rails/rack/logger.rb:32:in `call_app'
  /usr/lib/ruby/vendor_ruby/rails/rack/logger.rb:16:in `block in call'
  /usr/lib/ruby/vendor_ruby/active_support/tagged_logging.rb:22:in `tagged'
  /usr/lib/ruby/vendor_ruby/rails/rack/logger.rb:16:in `call'
  /usr/lib/ruby/vendor_ruby/action_dispatch/middleware/request_id.rb:22:in `call'
  /usr/lib/ruby/vendor_ruby/rack/methodoverride.rb:21:in `call'
  /usr/lib/ruby/vendor_ruby/rack/runtime.rb:17:in `call'
  /usr/lib/ruby/vendor_ruby/active_support/cache/strategy/local_cache.rb:72:in `call'
  /usr/lib/ruby/vendor_ruby/rack/lock.rb:17:in `call'
  /usr/lib/ruby/vendor_ruby/action_dispatch/middleware/static.rb:63:in `call'
  /usr/lib/ruby/vendor_ruby/rails/engine.rb:479:in `call'
  /usr/lib/ruby/vendor_ruby/rails/application.rb:223:in `call'
  /usr/lib/ruby/vendor_ruby/rack/content_length.rb:14:in `call'
  /usr/lib/ruby/vendor_ruby/rails/rack/log_tailer.rb:17:in `call'
  /usr/lib/ruby/vendor_ruby/rack/handler/webrick.rb:60:in `service'
  /usr/lib/ruby/1.9.1/webrick/httpserver.rb:138:in `service'
  /usr/lib/ruby/1.9.1/webrick/httpserver.rb:94:in `run'
  /usr/lib/ruby/1.9.1/webrick/server.rb:191:in `block in start_thread'


  Rendered /usr/lib/ruby/vendor_ruby/action_dispatch/middleware/templates/rescues/routing_error.erb within rescues/layout (1.0ms)


Started GET "/apple-touch-icon.png" for 171.76.205.4 at 2014-01-10 16:26:16 +0000

ActionController::RoutingError (No route matches [GET] "/apple-touch-icon.png"):
  /usr/lib/ruby/vendor_ruby/action_dispatch/middleware/debug_exceptions.rb:21:in `call'
  /usr/lib/ruby/vendor_ruby/action_dispatch/middleware/show_exceptions.rb:56:in `call'
  /usr/lib/ruby/vendor_ruby/rails/rack/logger.rb:32:in `call_app'
  /usr/lib/ruby/vendor_ruby/rails/rack/logger.rb:16:in `block in call'
  /usr/lib/ruby/vendor_ruby/active_support/tagged_logging.rb:22:in `tagged'
  /usr/lib/ruby/vendor_ruby/rails/rack/logger.rb:16:in `call'
  /usr/lib/ruby/vendor_ruby/action_dispatch/middleware/request_id.rb:22:in `call'
  /usr/lib/ruby/vendor_ruby/rack/methodoverride.rb:21:in `call'
  /usr/lib/ruby/vendor_ruby/rack/runtime.rb:17:in `call'
  /usr/lib/ruby/vendor_ruby/active_support/cache/strategy/local_cache.rb:72:in `call'
  /usr/lib/ruby/vendor_ruby/rack/lock.rb:17:in `call'
  /usr/lib/ruby/vendor_ruby/action_dispatch/middleware/static.rb:63:in `call'
  /usr/lib/ruby/vendor_ruby/rails/engine.rb:479:in `call'
  /usr/lib/ruby/vendor_ruby/rails/application.rb:223:in `call'
  /usr/lib/ruby/vendor_ruby/rack/content_length.rb:14:in `call'
  /usr/lib/ruby/vendor_ruby/rails/rack/log_tailer.rb:17:in `call'
  /usr/lib/ruby/vendor_ruby/rack/handler/webrick.rb:60:in `service'
  /usr/lib/ruby/1.9.1/webrick/httpserver.rb:138:in `service'
  /usr/lib/ruby/1.9.1/webrick/httpserver.rb:94:in `run'
  /usr/lib/ruby/1.9.1/webrick/server.rb:191:in `block in start_thread'


  Rendered /usr/lib/ruby/vendor_ruby/action_dispatch/middleware/templates/rescues/routing_error.erb within rescues/layout (0.7ms)


Started GET "/grounds/new" for 171.76.205.4 at 2014-01-10 16:26:27 +0000
Processing by GroundsController#new as HTML
  [1m[35mCity Load (0.2ms)[0m  SELECT `cities`.* FROM `cities` 
INSIDE NEW
  Rendered grounds/new.erb within layouts/application (14.1ms)
Completed 200 OK in 44ms (Views: 20.7ms | ActiveRecord: 1.7ms)


Started GET "/apple-touch-icon-precomposed.png" for 171.76.205.4 at 2014-01-10 16:26:28 +0000

ActionController::RoutingError (No route matches [GET] "/apple-touch-icon-precomposed.png"):
  /usr/lib/ruby/vendor_ruby/action_dispatch/middleware/debug_exceptions.rb:21:in `call'
  /usr/lib/ruby/vendor_ruby/action_dispatch/middleware/show_exceptions.rb:56:in `call'
  /usr/lib/ruby/vendor_ruby/rails/rack/logger.rb:32:in `call_app'
  /usr/lib/ruby/vendor_ruby/rails/rack/logger.rb:16:in `block in call'
  /usr/lib/ruby/vendor_ruby/active_support/tagged_logging.rb:22:in `tagged'
  /usr/lib/ruby/vendor_ruby/rails/rack/logger.rb:16:in `call'
  /usr/lib/ruby/vendor_ruby/action_dispatch/middleware/request_id.rb:22:in `call'
  /usr/lib/ruby/vendor_ruby/rack/methodoverride.rb:21:in `call'
  /usr/lib/ruby/vendor_ruby/rack/runtime.rb:17:in `call'
  /usr/lib/ruby/vendor_ruby/active_support/cache/strategy/local_cache.rb:72:in `call'
  /usr/lib/ruby/vendor_ruby/rack/lock.rb:17:in `call'
  /usr/lib/ruby/vendor_ruby/action_dispatch/middleware/static.rb:63:in `call'
  /usr/lib/ruby/vendor_ruby/rails/engine.rb:479:in `call'
  /usr/lib/ruby/vendor_ruby/rails/application.rb:223:in `call'
  /usr/lib/ruby/vendor_ruby/rack/content_length.rb:14:in `call'
  /usr/lib/ruby/vendor_ruby/rails/rack/log_tailer.rb:17:in `call'
  /usr/lib/ruby/vendor_ruby/rack/handler/webrick.rb:60:in `service'
  /usr/lib/ruby/1.9.1/webrick/httpserver.rb:138:in `service'
  /usr/lib/ruby/1.9.1/webrick/httpserver.rb:94:in `run'
  /usr/lib/ruby/1.9.1/webrick/server.rb:191:in `block in start_thread'


  Rendered /usr/lib/ruby/vendor_ruby/action_dispatch/middleware/templates/rescues/routing_error.erb within rescues/layout (0.8ms)


Started GET "/apple-touch-icon.png" for 171.76.205.4 at 2014-01-10 16:26:29 +0000

ActionController::RoutingError (No route matches [GET] "/apple-touch-icon.png"):
  /usr/lib/ruby/vendor_ruby/action_dispatch/middleware/debug_exceptions.rb:21:in `call'
  /usr/lib/ruby/vendor_ruby/action_dispatch/middleware/show_exceptions.rb:56:in `call'
  /usr/lib/ruby/vendor_ruby/rails/rack/logger.rb:32:in `call_app'
  /usr/lib/ruby/vendor_ruby/rails/rack/logger.rb:16:in `block in call'
  /usr/lib/ruby/vendor_ruby/active_support/tagged_logging.rb:22:in `tagged'
  /usr/lib/ruby/vendor_ruby/rails/rack/logger.rb:16:in `call'
  /usr/lib/ruby/vendor_ruby/action_dispatch/middleware/request_id.rb:22:in `call'
  /usr/lib/ruby/vendor_ruby/rack/methodoverride.rb:21:in `call'
  /usr/lib/ruby/vendor_ruby/rack/runtime.rb:17:in `call'
  /usr/lib/ruby/vendor_ruby/active_support/cache/strategy/local_cache.rb:72:in `call'
  /usr/lib/ruby/vendor_ruby/rack/lock.rb:17:in `call'
  /usr/lib/ruby/vendor_ruby/action_dispatch/middleware/static.rb:63:in `call'
  /usr/lib/ruby/vendor_ruby/rails/engine.rb:479:in `call'
  /usr/lib/ruby/vendor_ruby/rails/application.rb:223:in `call'
  /usr/lib/ruby/vendor_ruby/rack/content_length.rb:14:in `call'
  /usr/lib/ruby/vendor_ruby/rails/rack/log_tailer.rb:17:in `call'
  /usr/lib/ruby/vendor_ruby/rack/handler/webrick.rb:60:in `service'
  /usr/lib/ruby/1.9.1/webrick/httpserver.rb:138:in `service'
  /usr/lib/ruby/1.9.1/webrick/httpserver.rb:94:in `run'
  /usr/lib/ruby/1.9.1/webrick/server.rb:191:in `block in start_thread'


  Rendered /usr/lib/ruby/vendor_ruby/action_dispatch/middleware/templates/rescues/routing_error.erb within rescues/layout (0.8ms)
[2014-01-10 16:35:27] WARN  Could not determine content-length of response body. Set content-length of the response or set Response#chunked = true
[2014-01-10 16:35:27] WARN  Could not determine content-length of response body. Set content-length of the response or set Response#chunked = true
[2014-01-10 16:35:28] WARN  Could not determine content-length of response body. Set content-length of the response or set Response#chunked = true
[2014-01-10 16:35:28] WARN  Could not determine content-length of response body. Set content-length of the response or set Response#chunked = true
[2014-01-10 16:35:28] WARN  Could not determine content-length of response body. Set content-length of the response or set Response#chunked = true
[2014-01-10 16:35:28] WARN  Could not determine content-length of response body. Set content-length of the response or set Response#chunked = true
[2014-01-10 16:35:28] WARN  Could not determine content-length of response body. Set content-length of the response or set Response#chunked = true
[2014-01-10 16:35:29] WARN  Could not determine content-length of response body. Set content-length of the response or set Response#chunked = true
[2014-01-10 16:35:29] WARN  Could not determine content-length of response body. Set content-length of the response or set Response#chunked = true
[2014-01-10 16:35:29] WARN  Could not determine content-length of response body. Set content-length of the response or set Response#chunked = true
[2014-01-10 16:35:30] WARN  Could not determine content-length of response body. Set content-length of the response or set Response#chunked = true
[2014-01-10 16:46:11] WARN  Could not determine content-length of response body. Set content-length of the response or set Response#chunked = true
[2014-01-10 16:46:11] WARN  Could not determine content-length of response body. Set content-length of the response or set Response#chunked = true
[2014-01-10 16:46:11] WARN  Could not determine content-length of response body. Set content-length of the response or set Response#chunked = true
[2014-01-10 16:46:11] WARN  Could not determine content-length of response body. Set content-length of the response or set Response#chunked = true
[2014-01-10 16:46:11] WARN  Could not determine content-length of response body. Set content-length of the response or set Response#chunked = true
[2014-01-10 16:46:12] WARN  Could not determine content-length of response body. Set content-length of the response or set Response#chunked = true
[2014-01-10 16:46:12] WARN  Could not determine content-length of response body. Set content-length of the response or set Response#chunked = true
[2014-01-10 16:46:12] WARN  Could not determine content-length of response body. Set content-length of the response or set Response#chunked = true
[2014-01-10 16:46:12] WARN  Could not determine content-length of response body. Set content-length of the response or set Response#chunked = true
[2014-01-10 16:46:13] WARN  Could not determine content-length of response body. Set content-length of the response or set Response#chunked = true
[2014-01-10 16:46:13] WARN  Could not determine content-length of response body. Set content-length of the response or set Response#chunked = true
